<?xml version="1.0" encoding="UTF-8"?>
<!-- Generated by org.testng.reporters.JUnitReportReporter -->
<testsuite hostname="Wewoli" failures="0" tests="6" name="api.test.VideoGamesTest" time="6.839" errors="0" timestamp="2024-10-13T13:58:58 GMT" skipped="0">
  <testcase classname="api.test.VideoGamesTest" name="testPostCreateVideoGame" time="4.351"/>
  <testcase classname="api.test.VideoGamesTest" name="testGetVideoGames" time="0.532"/>
  <testcase classname="api.test.VideoGamesTest" name="testGetVideoGameById" time="0.506"/>
  <testcase classname="api.test.VideoGamesTest" name="testGetVideoGameByInvalidId" time="0.502"/>
  <testcase classname="api.test.VideoGamesTest" name="testDeleteVideoGameById" time="0.442"/>
  <testcase classname="api.test.VideoGamesTest" name="testUpdateVideoGame" time="0.506"/>
</testsuite> <!-- api.test.VideoGamesTest -->
