<?xml version="1.0" encoding="UTF-8"?>
<!-- Generated by org.testng.reporters.JUnitReportReporter -->
<testsuite hostname="Wewoli" failures="0" tests="1" name="api.test.VideoGamesTest" time="6.262" errors="0" timestamp="2024-10-13T01:25:50 GMT" skipped="0">
  <testcase classname="api.test.VideoGamesTest" name="testGetVideoGames" time="6.262"/>
</testsuite> <!-- api.test.VideoGamesTest -->
