<?xml version="1.0" encoding="UTF-8"?>
<!-- Generated by org.testng.reporters.JUnitReportReporter -->
<testsuite hostname="Wewoli" failures="0" tests="1" name="api.test.UserAuthTest" time="8.035" errors="0" timestamp="2024-10-13T01:11:53 GMT" skipped="0">
  <testcase classname="api.test.UserAuthTest" name="testPostUser" time="8.035"/>
</testsuite> <!-- api.test.UserAuthTest -->
