<?xml version="1.0" encoding="UTF-8"?>
<!-- Generated by org.testng.reporters.JUnitReportReporter -->
<testsuite hostname="Wewoli" failures="0" tests="6" name="api.test.VideoGamesTest" time="3.211" errors="0" timestamp="2024-10-14T01:19:49 GMT" skipped="0">
  <testcase classname="api.test.VideoGamesTest" name="testPostCreateVideoGame" time="0.582"/>
  <testcase classname="api.test.VideoGamesTest" name="testGetVideoGames" time="0.570"/>
  <testcase classname="api.test.VideoGamesTest" name="testGetVideoGameById" time="0.556"/>
  <testcase classname="api.test.VideoGamesTest" name="testDeleteVideoGameById" time="0.525"/>
  <testcase classname="api.test.VideoGamesTest" name="testUpdateVideoGame" time="0.499"/>
  <testcase classname="api.test.VideoGamesTest" name="testGetVideoGameByInvalidId" time="0.479"/>
</testsuite> <!-- api.test.VideoGamesTest -->
