<?xml version="1.0" encoding="UTF-8"?>
<!-- Generated by org.testng.reporters.JUnitReportReporter -->
<testsuite hostname="Wewoli" failures="0" tests="6" name="api.test.VideoGamesTest" time="2.913" errors="0" timestamp="2024-10-14T01:44:45 GMT" skipped="0">
  <testcase classname="api.test.VideoGamesTest" name="testPostCreateVideoGame" time="0.489"/>
  <testcase classname="api.test.VideoGamesTest" name="testGetVideoGames" time="0.477"/>
  <testcase classname="api.test.VideoGamesTest" name="testUpdateVideoGame" time="0.462"/>
  <testcase classname="api.test.VideoGamesTest" name="testDeleteVideoGameById" time="0.513"/>
  <testcase classname="api.test.VideoGamesTest" name="testGetVideoGameByInvalidId" time="0.475"/>
  <testcase classname="api.test.VideoGamesTest" name="testGetVideoGameById" time="0.497"/>
</testsuite> <!-- api.test.VideoGamesTest -->
