<?xml version="1.0" encoding="UTF-8"?>
<!-- Generated by org.testng.reporters.JUnitReportReporter -->
<testsuite hostname="Wewoli" failures="0" tests="1" name="api.test.UserAuthTest" time="5.398" errors="0" timestamp="2024-10-13T09:56:16 GMT" skipped="0">
  <testcase classname="api.test.UserAuthTest" name="testPostUser" time="5.398"/>
</testsuite> <!-- api.test.UserAuthTest -->
