<?xml version="1.0" encoding="UTF-8"?>
<!-- Generated by org.testng.reporters.JUnitReportReporter -->
<testsuite hostname="Wewoli" failures="0" tests="3" name="api.test.VideoGamesTest" time="5.868" errors="0" timestamp="2024-10-13T11:01:36 GMT" skipped="0">
  <testcase classname="api.test.VideoGamesTest" name="testPostCreateVideoGame" time="4.765"/>
  <testcase classname="api.test.VideoGamesTest" name="testGetVideoGames" time="0.550"/>
  <testcase classname="api.test.VideoGamesTest" name="testGetVideoGameById" time="0.553"/>
</testsuite> <!-- api.test.VideoGamesTest -->
