<?xml version="1.0" encoding="UTF-8"?>
<!-- Generated by org.testng.reporters.JUnitReportReporter -->
<testsuite hostname="Wewoli" failures="0" tests="6" name="api.test.VideoGamesTest" time="6.756" errors="0" timestamp="2024-10-13T20:23:38 GMT" skipped="0">
  <testcase classname="api.test.VideoGamesTest" name="testPostCreateVideoGame" time="4.157"/>
  <testcase classname="api.test.VideoGamesTest" name="testGetVideoGames" time="0.541"/>
  <testcase classname="api.test.VideoGamesTest" name="testGetVideoGameById" time="0.549"/>
  <testcase classname="api.test.VideoGamesTest" name="testGetVideoGameByInvalidId" time="0.458"/>
  <testcase classname="api.test.VideoGamesTest" name="testDeleteVideoGameById" time="0.552"/>
  <testcase classname="api.test.VideoGamesTest" name="testUpdateVideoGame" time="0.499"/>
</testsuite> <!-- api.test.VideoGamesTest -->
